[    0.000000] Initializing cgroup subsys cpuset
[    0.000000] Initializing cgroup subsys cpu
[    0.000000] Initializing cgroup subsys cpuacct
[    0.000000] Linux version 4.4.0-127-generic (buildd@lcy01-amd64-023) (gcc version 5.4.0 20160609 (Ubuntu 5.4.0-6ubuntu1~16.04.9) ) #153-Ubuntu SMP Sat May 19 10:58:46 UTC 2018 (Ubuntu 4.4.0-127.153-generic 4.4.128)
[    0.000000] Command line: BOOT_IMAGE=/boot/vmlinuz-4.4.0-127-generic root=LABEL=cloudimg-rootfs ro console=tty1 console=ttyS0
[    0.000000] KERNEL supported cpus:
[    0.000000]   Intel GenuineIntel
[    0.000000]   AMD AuthenticAMD
[    0.000000]   Centaur CentaurHauls
[    0.000000] x86/fpu: xstate_offset[2]:  576, xstate_sizes[2]:  256
[    0.000000] x86/fpu: Supporting XSAVE feature 0x01: 'x87 floating point registers'
[    0.000000] x86/fpu: Supporting XSAVE feature 0x02: 'SSE registers'
[    0.000000] x86/fpu: Supporting XSAVE feature 0x04: 'AVX registers'
[    0.000000] x86/fpu: Enabled xstate features 0x7, context size is 832 bytes, using 'standard' format.
[    0.000000] x86/fpu: Using 'lazy' FPU context switches.
[    0.000000] e820: BIOS-provided physical RAM map:
[    0.000000] BIOS-e820: [mem 0x0000000000000000-0x000000000009fbff] usable
[    0.000000] BIOS-e820: [mem 0x000000000009fc00-0x000000000009ffff] reserved
[    0.000000] BIOS-e820: [mem 0x00000000000f0000-0x00000000000fffff] reserved
[    0.000000] BIOS-e820: [mem 0x0000000000100000-0x00000000dffeffff] usable
[    0.000000] BIOS-e820: [mem 0x00000000dfff0000-0x00000000dfffffff] ACPI data
[    0.000000] BIOS-e820: [mem 0x00000000fec00000-0x00000000fec00fff] reserved
[    0.000000] BIOS-e820: [mem 0x00000000fee00000-0x00000000fee00fff] reserved
[    0.000000] BIOS-e820: [mem 0x00000000fffc0000-0x00000000ffffffff] reserved
[    0.000000] BIOS-e820: [mem 0x0000000100000000-0x000000011fffffff] usable
[    0.000000] NX (Execute Disable) protection: active
[    0.000000] SMBIOS 2.5 present.
[    0.000000] Hypervisor detected: KVM
[    0.000000] e820: last_pfn = 0x120000 max_arch_pfn = 0x400000000
[    0.000000] MTRR: Disabled
[    0.000000] x86/PAT: MTRRs disabled, skipping PAT initialization too.
[    0.000000] CPU MTRRs all blank - virtualized system.
[    0.000000] x86/PAT: Configuration [0-7]: WB  WT  UC- UC  WB  WT  UC- UC  
[    0.000000] e820: last_pfn = 0xdfff0 max_arch_pfn = 0x400000000
[    0.000000] found SMP MP-table at [mem 0x0009fff0-0x0009ffff] mapped at [ffff88000009fff0]
[    0.000000] Scanning 1 areas for low memory corruption
[    0.000000] RAMDISK: [mem 0x36a96000-0x37542fff]
[    0.000000] ACPI: Early table checksum verification disabled
[    0.000000] ACPI: RSDP 0x00000000000E0000 000024 (v02 VBOX  )
[    0.000000] ACPI: XSDT 0x00000000DFFF0030 00003C (v01 VBOX   VBOXXSDT 00000001 ASL  00000061)
[    0.000000] ACPI: FACP 0x00000000DFFF00F0 0000F4 (v04 VBOX   VBOXFACP 00000001 ASL  00000061)
[    0.000000] ACPI: DSDT 0x00000000DFFF0470 0021C8 (v02 VBOX   VBOXBIOS 00000002 INTL 20100528)
[    0.000000] ACPI: FACS 0x00000000DFFF0200 000040
[    0.000000] ACPI: FACS 0x00000000DFFF0200 000040
[    0.000000] ACPI: APIC 0x00000000DFFF0240 00005C (v02 VBOX   VBOXAPIC 00000001 ASL  00000061)
[    0.000000] ACPI: SSDT 0x00000000DFFF02A0 0001CC (v01 VBOX   VBOXCPUT 00000002 INTL 20100528)
[    0.000000] No NUMA configuration found
[    0.000000] Faking a node at [mem 0x0000000000000000-0x000000011fffffff]
[    0.000000] NODE_DATA(0) allocated [mem 0x11fff7000-0x11fffbfff]
[    0.000000] kvm-clock: Using msrs 4b564d01 and 4b564d00
[    0.000000] kvm-clock: cpu 0, msr 1:1ffef001, primary cpu clock
[    0.000000] kvm-clock: using sched offset of 3287114248 cycles
[    0.000000] clocksource: kvm-clock: mask: 0xffffffffffffffff max_cycles: 0x1cd42e4dffb, max_idle_ns: 881590591483 ns
[    0.000000] Zone ranges:
[    0.000000]   DMA      [mem 0x0000000000001000-0x0000000000ffffff]
[    0.000000]   DMA32    [mem 0x0000000001000000-0x00000000ffffffff]
[    0.000000]   Normal   [mem 0x0000000100000000-0x000000011fffffff]
[    0.000000]   Device   empty
[    0.000000] Movable zone start for each node
[    0.000000] Early memory node ranges
[    0.000000]   node   0: [mem 0x0000000000001000-0x000000000009efff]
[    0.000000]   node   0: [mem 0x0000000000100000-0x00000000dffeffff]
[    0.000000]   node   0: [mem 0x0000000100000000-0x000000011fffffff]
[    0.000000] Initmem setup node 0 [mem 0x0000000000001000-0x000000011fffffff]
[    0.000000] ACPI: PM-Timer IO Port: 0x4008
[    0.000000] IOAPIC[0]: apic_id 2, version 32, address 0xfec00000, GSI 0-23
[    0.000000] ACPI: INT_SRC_OVR (bus 0 bus_irq 0 global_irq 2 dfl dfl)
[    0.000000] ACPI: INT_SRC_OVR (bus 0 bus_irq 9 global_irq 9 high level)
[    0.000000] Using ACPI (MADT) for SMP configuration information
[    0.000000] smpboot: Allowing 2 CPUs, 0 hotplug CPUs
[    0.000000] PM: Registered nosave memory: [mem 0x00000000-0x00000fff]
[    0.000000] PM: Registered nosave memory: [mem 0x0009f000-0x0009ffff]
[    0.000000] PM: Registered nosave memory: [mem 0x000a0000-0x000effff]
[    0.000000] PM: Registered nosave memory: [mem 0x000f0000-0x000fffff]
[    0.000000] PM: Registered nosave memory: [mem 0xdfff0000-0xdfffffff]
[    0.000000] PM: Registered nosave memory: [mem 0xe0000000-0xfebfffff]
[    0.000000] PM: Registered nosave memory: [mem 0xfec00000-0xfec00fff]
[    0.000000] PM: Registered nosave memory: [mem 0xfec01000-0xfedfffff]
[    0.000000] PM: Registered nosave memory: [mem 0xfee00000-0xfee00fff]
[    0.000000] PM: Registered nosave memory: [mem 0xfee01000-0xfffbffff]
[    0.000000] PM: Registered nosave memory: [mem 0xfffc0000-0xffffffff]
[    0.000000] e820: [mem 0xe0000000-0xfebfffff] available for PCI devices
[    0.000000] Booting paravirtualized kernel on KVM
[    0.000000] clocksource: refined-jiffies: mask: 0xffffffff max_cycles: 0xffffffff, max_idle_ns: 7645519600211568 ns
[    0.000000] setup_percpu: NR_CPUS:512 nr_cpumask_bits:512 nr_cpu_ids:2 nr_node_ids:1
[    0.000000] PERCPU: Embedded 34 pages/cpu @ffff88011fc00000 s99544 r8192 d31528 u1048576
[    0.000000] PV qspinlock hash table entries: 256 (order: 0, 4096 bytes)
[    0.000000] Built 1 zonelists in Node order, mobility grouping on.  Total pages: 1032056
[    0.000000] Policy zone: Normal
[    0.000000] Kernel command line: BOOT_IMAGE=/boot/vmlinuz-4.4.0-127-generic root=LABEL=cloudimg-rootfs ro console=tty1 console=ttyS0
[    0.000000] PID hash table entries: 4096 (order: 3, 32768 bytes)
[    0.000000] Memory: 4032100K/4193848K available (8537K kernel code, 1313K rwdata, 4000K rodata, 1512K init, 1316K bss, 161748K reserved, 0K cma-reserved)
[    0.000000] SLUB: HWalign=64, Order=0-3, MinObjects=0, CPUs=2, Nodes=1
[    0.000000] Kernel/User page tables isolation: enabled
[    0.000000] Hierarchical RCU implementation.
[    0.000000] 	Build-time adjustment of leaf fanout to 64.
[    0.000000] 	RCU restricting CPUs from NR_CPUS=512 to nr_cpu_ids=2.
[    0.000000] RCU: Adjusting geometry for rcu_fanout_leaf=64, nr_cpu_ids=2
[    0.000000] NR_IRQS:33024 nr_irqs:440 16
[    0.000000] Console: colour VGA+ 80x25
[    0.000000] console [tty1] enabled
[    0.000000] console [ttyS0] enabled
[    0.000000] tsc: Detected 1599.999 MHz processor
[   12.775716] Calibrating delay loop (skipped) preset value.. 3199.99 BogoMIPS (lpj=6399996)
[   12.827838] pid_max: default: 32768 minimum: 301
[   12.852621] ACPI: Core revision 20150930
[   12.881628] ACPI: 2 ACPI AML tables successfully acquired and loaded
[   12.970916] Security Framework initialized
[   13.022084] Yama: becoming mindful.
[   13.096247] AppArmor: AppArmor initialized
[   13.155597] Dentry cache hash table entries: 524288 (order: 10, 4194304 bytes)
[   13.286631] Inode-cache hash table entries: 262144 (order: 9, 2097152 bytes)
[   13.322336] Mount-cache hash table entries: 8192 (order: 4, 65536 bytes)
[   13.426118] Mountpoint-cache hash table entries: 8192 (order: 4, 65536 bytes)
[   13.456410] Initializing cgroup subsys io
[   13.486189] Initializing cgroup subsys memory
[   13.489855] Initializing cgroup subsys devices
[   13.497714] Initializing cgroup subsys freezer
[   13.582737] Initializing cgroup subsys net_cls
[   13.671353] Initializing cgroup subsys perf_event
[   13.717357] Initializing cgroup subsys net_prio
[   13.768180] Initializing cgroup subsys hugetlb
[   13.771140] Initializing cgroup subsys pids
[   13.773702] CPU: Physical Processor ID: 0
[   13.776246] CPU: Processor Core ID: 0
[   13.786344] mce: CPU supports 0 MCE banks
[   3.860894] Last level iTLB entries: 4KB 64, 2MB 8, 4MB 8
[   13.949458] Last level dTLB entries: 4KB 64, 2MB 0, 4MB 0, 1GB 4
[   13.986689] Spectre V2 : Mitigation: Full generic retpoline
[   14.026917] Spectre V2 : Speculation control IBPB not-supported IBRS not-supported
[   14.164510] Speculative Store Bypass: Vulnerable
[   14.266226] Freeing SMP alternatives memory: 32K
[   14.365853] ftrace: allocating 32237 entries in 126 pages
[   14.549338] smpboot: APIC(0) Converting physical 0 to logical package 0
[   14.714329] smpboot: Max logical packages: 1
[   14.820855] x2apic enabled
[   14.885824] Switched APIC routing to physical x2apic.
[   15.003575] ..TIMER: vector=0x30 apic1=0 pin1=2 apic2=-1 pin2=-1
[   15.252448] smpboot: CPU0: Intel(R) Core(TM) i5-5250U CPU @ 1.60GHz (family: 0x6, model: 0x3d, stepping: 0x4)
[   15.378246] Performance Events: unsupported p6 CPU model 61 no PMU driver, software events only.
[   15.505470] KVM setup paravirtual spinlock
[   15.533830] x86: Booting SMP configuration:
[   15.607967] .... node  #0, CPUs:      #1
[   15.667306] kvm-clock: cpu 1, msr 1:1ffef041, secondary cpu clock
[   15.793628] mce: CPU supports 0 MCE banks
[   15.849127] x86: Booted up 1 node, 2 CPUs
[   15.937617] smpboot: Total of 2 processors activated (6399.99 BogoMIPS)
[   16.100866] devtmpfs: initialized
[   16.167732] evm: security.selinux
[   16.238891] evm: security.SMACK64
[   16.279358] evm: security.SMACK64EXEC
[   16.300540] evm: security.SMACK64TRANSMUTE
[   16.329159] evm: security.SMACK64MMAP
[   16.345544] evm: security.ima
[   16.354701] evm: security.capability
[   16.418654] clocksource: jiffies: mask: 0xffffffff max_cycles: 0xffffffff, max_idle_ns: 7645041785100000 ns
[   16.668107] futex hash table entries: 512 (order: 3, 32768 bytes)
[   16.807222] pinctrl core: initialized pinctrl subsystem
[   16.909362] RTC time:  8:58:26, date: 05/28/18
[   17.039682] NET: Registered protocol family 16
[   17.182151] cpuidle: using governor ladder
[   17.274198] cpuidle: using governor menu
[   17.324132] PCCT header not found.
[   17.378126] ACPI: bus type PCI registered
[   17.390795] acpiphp: ACPI Hot Plug PCI Controller Driver version: 0.5
[   17.418447] PCI: Using configuration type 1 for base access
[   17.467711] ACPI: Added _OSI(Module Device)
[   17.490500] ACPI: Added _OSI(Processor Device)
[   17.538850] ACPI: Added _OSI(3.0 _SCP Extensions)
[   17.631487] ACPI: Added _OSI(Processor Aggregator Device)
[   17.717450] ACPI: Executed 1 blocks of module-level executable AML code
[   17.838636] ACPI: Interpreter enabled
[   17.933726] ACPI: (supports S0 S5)
[   18.011688] ACPI: Using IOAPIC for interrupt routing
[   18.117771] PCI: Using host bridge windows from ACPI; if necessary, use "pci=nocrs" and report a bug
[   18.327678] ACPI: PCI Root Bridge [PCI0] (domain 0000 [bus 00-ff])
[   18.460759] acpi PNP0A03:00: _OSC: OS supports [ASPM ClockPM Segments MSI]
[   18.612167] acpi PNP0A03:00: _OSC failed (AE_NOT_FOUND); disabling ASPM
[   18.745381] acpi PNP0A03:00: fail to add MMCONFIG information, can't access extended PCI configuration space under this bridge.
[   19.006527] PCI host bridge to bus 0000:00
[   19.134217] pci_bus 0000:00: root bus resource [io  0x0000-0x0cf7 window]
[   19.303126] pci_bus 0000:00: root bus resource [io  0x0d00-0xffff window]
[   19.383354] pci_bus 0000:00: root bus resource [mem 0x000a0000-0x000bffff window]
[   19.399118] pci_bus 0000:00: root bus resource [mem 0xe0000000-0xffdfffff window]
[   19.502555] pci_bus 0000:00: root bus resource [bus 00-ff]
[   19.610760] pci 0000:00:01.1: legacy IDE quirk: reg 0x10: [io  0x01f0-0x01f7]
[   19.625507] pci 0000:00:01.1: legacy IDE quirk: reg 0x14: [io  0x03f6]
[   19.629341] pci 0000:00:01.1: legacy IDE quirk: reg 0x18: [io  0x0170-0x0177]
[   19.687161] pci 0000:00:01.1: legacy IDE quirk: reg 0x1c: [io  0x0376]
[   19.802268] pci 0000:00:07.0: quirk: [io  0x4000-0x403f] claimed by PIIX4 ACPI
[   19.883817] pci 0000:00:07.0: quirk: [io  0x4100-0x410f] claimed by PIIX4 SMB
[   20.026920] ACPI: PCI Interrupt Link [LNKA] (IRQs 5 9 10 *11)
[   20.088568] ACPI: PCI Interrupt Link [LNKB] (IRQs 5 9 10 *11)
[   20.175398] ACPI: PCI Interrupt Link [LNKC] (IRQs 5 9 *10 11)
[   20.260850] ACPI: PCI Interrupt Link [LNKD] (IRQs 5 *9 10 11)
[   20.313656] ACPI: Enabled 2 GPEs in block 00 to 07
[   20.386366] vgaarb: setting as boot device: PCI:0000:00:02.0
[   20.514989] vgaarb: device added: PCI:0000:00:02.0,decodes=io+mem,owns=io+mem,locks=none
[   20.639721] vgaarb: loaded
[   20.676590] vgaarb: bridge control possible 0000:00:02.0
[   20.770722] SCSI subsystem initialized
[   20.834328] ACPI: bus type USB registered
[   20.910654] usbcore: registered new interface driver usbfs
[   20.982080] usbcore: registered new interface driver hub
[   21.061664] usbcore: registered new device driver usb
[   21.170508] PCI: Using ACPI for IRQ routing
[   21.255771] NetLabel: Initializing
[   21.321211] NetLabel:  domain hash size = 128
[   21.397537] NetLabel:  protocols = UNLABELED CIPSOv4
[   21.493072] NetLabel:  unlabeled traffic allowed by default
[   21.603792] amd_nb: Cannot enumerate AMD northbridges
[   21.703682] clocksource: Switched to clocksource kvm-clock
[   21.843734] AppArmor: AppArmor Filesystem Enabled
[   21.893801] pnp: PnP ACPI init
[   21.976813] pnp: PnP ACPI: found 3 devices
[   22.075385] clocksource: acpi_pm: mask: 0xffffff max_cycles: 0xffffff, max_idle_ns: 2085701024 ns
[   22.153427] NET: Registered protocol family 2
[   22.202225] TCP established hash table entries: 32768 (order: 6, 262144 bytes)
[   22.317046] TCP bind hash table entries: 32768 (order: 7, 524288 bytes)
[   22.326753] TCP: Hash tables configured (established 32768 bind 32768)
[   22.424223] UDP hash table entries: 2048 (order: 4, 65536 bytes)
[   22.597134] UDP-Lite hash table entries: 2048 (order: 4, 65536 bytes)
[   22.754039] NET: Registered protocol family 1
[   22.845171] pci 0000:00:00.0: Limiting direct PCI/PCI transfers
[   22.972693] pci 0000:00:01.0: Activating ISA DMA hang workarounds
[   23.129929] Unpacking initramfs...
[   25.390183] Freeing initrd memory: 10932K
[   25.490166] PCI-DMA: Using software bounce buffering for IO (SWIOTLB)
[   25.651612] software IO TLB [mem 0xdbff0000-0xdfff0000] (64MB) mapped at [ffff8800dbff0000-ffff8800dffeffff]
[   25.880336] RAPL PMU detected, API unit is 2^-32 Joules, 4 fixed counters 10737418240 ms ovfl timer
[   26.122857] hw unit of domain pp0-core 2^-0 Joules
[   26.249999] hw unit of domain package 2^-0 Joules
[   26.364119] hw unit of domain dram 2^-0 Joules
[   26.459943] hw unit of domain pp1-gpu 2^-0 Joules
[   26.564228] platform rtc_cmos: registered platform RTC device (no PNP device found)
[   26.751229] Scanning for low memory corruption every 60 seconds
[   26.915576] audit: initializing netlink subsys (disabled)
[   27.023878] audit: type=2000 audit(1527497900.463:1): initialized
[   27.154618] Initialise system trusted keyring
[   27.252625] HugeTLB registered 2 MB page size, pre-allocated 0 pages
[   27.397275] zbud: loaded
[   27.434799] VFS: Disk quotas dquot_6.6.0
[   27.526465] VFS: Dquot-cache hash table entries: 512 (order 0, 4096 bytes)
[   27.564358] tsc: Refined TSC clocksource calibration: 1600.000 MHz
[   27.564361] clocksource: tsc: mask: 0xffffffffffffffff max_cycles: 0x171024fa93b, max_idle_ns: 440795253189 ns
[   27.812370] squashfs: version 4.0 (2009/01/31) Phillip Lougher
[   27.853586] fuse init (API version 7.23)
[   27.874927] Key type big_key registered
[   27.898041] Allocating IMA MOK and blacklist keyrings.
[   27.924472] Key type asymmetric registered
[   27.933109] Asymmetric key parser 'x509' registered
[   27.944459] Block layer SCSI generic (bsg) driver version 0.4 loaded (major 249)
[   27.959908] io scheduler noop registered
[   27.981812] io scheduler deadline registered (default)
[   27.999153] io scheduler cfq registered
[   28.012726] pci_hotplug: PCI Hot Plug PCI Core version: 0.5
[   28.124553] pciehp: PCI Express Hot Plug Controller Driver version: 0.4
[   28.244246] ACPI: AC Adapter [AC] (off-line)
[   28.305730] input: Power Button as /devices/LNXSYSTM:00/LNXPWRBN:00/input/input0
[   28.354521] ACPI: Power Button [PWRF]
[   28.358769] input: Sleep Button as /devices/LNXSYSTM:00/LNXSLPBN:00/input/input1
[   28.424889] ACPI: Sleep Button [SLPF]
[   28.478102] ACPI: Battery Slot [BAT0] (battery present)
[   28.565449] GHES: HEST is not enabled!
[   28.616918] Serial: 8250/16550 driver, 32 ports, IRQ sharing enabled
ÿ[   28.783022] 00:02: ttyS0 at I/O 0x3f8 (irq = 4, base_baud = 115200) is a 16550A
[   28.898929] Linux agpgart interface v0.103
[   28.936984] loop: module loaded
[   28.970998] scsi host0: ata_piix
[   29.033087] scsi host1: ata_piix
[   29.106416] ata1: PATA max UDMA/33 cmd 0x1f0 ctl 0x3f6 bmdma 0xd000 irq 14
[   29.310150] ata2: PATA max UDMA/33 cmd 0x170 ctl 0x376 bmdma 0xd008 irq 15
[   29.501007] libphy: Fixed MDIO Bus: probed
[   29.575934] tun: Universal TUN/TAP device driver, 1.6
[   29.686977] tun: (C) 1999-2004 Max Krasnyansky <maxk@qualcomm.com>
[   29.836391] PPP generic driver version 2.4.2
[   29.933866] ehci_hcd: USB 2.0 'Enhanced' Host Controller (EHCI) Driver
[   30.043565] ehci-pci: EHCI PCI platform driver
[   30.080218] ehci-platform: EHCI generic platform driver
[   30.144175] ohci_hcd: USB 1.1 'Open' Host Controller (OHCI) Driver
[   30.315359] ohci-pci: OHCI PCI platform driver
[   30.409225] ohci-platform: OHCI generic platform driver
[   30.533753] uhci_hcd: USB Universal Host Controller Interface driver
[   30.664112] i8042: PNP: PS/2 Controller [PNP0303:PS2K,PNP0f03:PS2M] at 0x60,0x64 irq 1,12
[   30.904954] serio: i8042 KBD port at 0x60,0x64 irq 1
[   31.014929] serio: i8042 AUX port at 0x60,0x64 irq 12
[   31.095244] mousedev: PS/2 mouse device common for all mice
[   31.099039] input: AT Translated Set 2 keyboard as /devices/platform/i8042/serio0/input/input2
[   31.200975] rtc_cmos rtc_cmos: rtc core: registered rtc_cmos as rtc0
[   31.272793] rtc_cmos rtc_cmos: alarms up to one day, 114 bytes nvram
[   31.401462] i2c /dev entries driver
[   31.477519] device-mapper: uevent: version 1.0.3
[   31.558821] device-mapper: ioctl: 4.34.0-ioctl (2015-10-28) initialised: dm-devel@redhat.com
[   31.626905] ledtrig-cpu: registered to indicate activity on CPUs
[   31.724867] NET: Registered protocol family 10
[   31.778104] NET: Registered protocol family 17
[   31.846599] Key type dns_resolver registered
[   31.928505] registered taskstats version 1
[   32.024192] Loading compiled-in X.509 certificates
[   32.069280] Loaded X.509 cert 'Build time autogenerated kernel key: 9f6f572a3ee0cb468eb8db4aa61815bc74ef6adb'
[   32.187099] zswap: loaded using pool lzo/zbud
[   32.315353] Key type trusted registered
[   32.397903] Key type encrypted registered
[   32.428309] AppArmor: AppArmor sha1 policy hashing enabled
[   32.451646] ima: No TPM chip found, activating TPM-bypass!
[   32.466615] evm: HMAC attrs: 0x1
[   32.497509]   Magic number: 2:388:979
[   32.517857] memory memory26: hash matches
[   32.529478] rtc_cmos rtc_cmos: setting system clock to 2018-05-28 08:58:41 UTC (1527497921)
[   32.552367] BIOS EDD facility v0.16 2004-Jun-25, 0 devices found
[   32.636752] EDD information not available.
[   32.651491] Freeing unused kernel memory: 1512K
[   32.676217] Write protecting the kernel read-only data: 14336k
[   32.703681] Freeing unused kernel memory: 1692K
[   32.725743] Freeing unused kernel memory: 96K
Loading, please [   32.794924] random: systemd-udevd: uninitialized urandom read (16 bytes read, 7 bits of entropy available)
wait...
startin[   32.795662] random: udevadm: uninitialized urandom read (16 bytes read, 7 bits of entropy available)
g version 229
[   32.795697] random: udevadm: uninitialized urandom read (16 bytes read, 7 bits of entropy available)
[   32.809850] random: udevadm: uninitialized urandom read (16 bytes read, 7 bits of entropy available)
[   32.809914] random: udevadm: uninitialized urandom read (16 bytes read, 7 bits of entropy available)
[   32.810129] random: udevadm: uninitialized urandom read (16 bytes read, 7 bits of entropy available)
[   32.810211] random: udevadm: uninitialized urandom read (16 bytes read, 7 bits of entropy available)
[   32.810289] random: udevadm: uninitialized urandom read (16 bytes read, 7 bits of entropy available)
[   32.810368] random: udevadm: uninitialized urandom read (16 bytes read, 7 bits of entropy available)
[   32.810443] random: udevadm: uninitialized urandom read (16 bytes read, 7 bits of entropy available)
[   33.910644] e1000: Intel(R) PRO/1000 Network Driver - version 7.3.21-k8-NAPI
[   33.981975] e1000: Copyright (c) 1999-2006 Intel Corporation.
[   34.009651] Fusion MPT base driver 3.04.20
[   34.024306] Copyright (c) 1999-2008 LSI Corporation
[   34.041048] Fusion MPT SPI Host driver 3.04.20
[   34.086290] AVX version of gcm_enc/dec engaged.
[   34.124273] AES CTR mode by8 optimization enabled
[   34.404909] input: ImExPS/2 Generic Explorer Mouse as /devices/platform/i8042/serio1/input/input4
[   34.587190] e1000 0000:00:03.0 eth0: (PCI:33MHz:32-bit) 02:f0:aa:2d:49:f4
[   34.705975] e1000 0000:00:03.0 eth0: Intel(R) PRO/1000 Network Connection
[   34.788202] mptbase: ioc0: Initiating bringup
[   34.868559] ioc0: LSI53C1030 A0: Capabilities={Initiator}
[   35.064058] scsi host2: ioc0: LSI53C1030 A0, FwRev=00000000h, Ports=1, MaxQ=256, IRQ=20
[   35.218032] scsi 2:0:0:0: Direct-Access     VBOX     HARDDISK         1.0  PQ: 0 ANSI: 5
[   35.317581] scsi target2:0:0: Beginning Domain Validation
[   35.434099] scsi target2:0:0: Domain Validation skipping write tests
[   35.441865] scsi target2:0:0: Ending Domain Validation
[   35.448511] scsi target2:0:0: asynchronous
[   35.463785] scsi 2:0:1:0: Direct-Access     VBOX     HARDDISK         1.0  PQ: 0 ANSI: 5
[   35.480980] scsi target2:0:1: Beginning Domain Validation
[   35.491863] scsi target2:0:1: Domain Validation skipping write tests
[   35.495397] scsi target2:0:1: Ending Domain Validation
[   35.498659] scsi target2:0:1: asynchronous
[   35.512876] sd 2:0:0:0: Attached scsi generic sg0 type 0
[   35.524949] sd 2:0:0:0: [sda] 20971520 512-byte logical blocks: (10.7 GB/10.0 GiB)
[   35.547990] sd 2:0:1:0: Attached scsi generic sg1 type 0
[   35.554440] sd 2:0:1:0: [sdb] 20480 512-byte logical blocks: (10.5 MB/10.0 MiB)
[   35.559948] sd 2:0:1:0: [sdb] Write Protect is off
[   35.564846] sd 2:0:1:0: [sdb] Incomplete mode parameter data
[   35.564847] sd 2:0:1:0: [sdb] Assuming drive cache: write through
[   35.639805] sd 2:0:0:0: [sda] Write Protect is off
[   35.639948] sd 2:0:0:0: [sda] Incomplete mode parameter data
[   35.639950] sd 2:0:0:0: [sda] Assuming drive cache: write through
[   35.640929] sd 2:0:1:0: [sdb] Attached SCSI disk
[   35.666119]  sda: sda1
[   35.666910] sd 2:0:0:0: [sda] Attached SCSI disk
[   35.837036] e1000 0000:00:08.0 eth1: (PCI:33MHz:32-bit) 08:00:27:75:ec:76
[   35.935784] e1000 0000:00:08.0 eth1: Intel(R) PRO/1000 Network Connection
[   36.071214] e1000 0000:00:08.0 enp0s8: renamed from eth1
[   36.168281] e1000 0000:00:03.0 enp0s3: renamed from eth0
Begin: Loading e[   37.672759] md: linear personality registered for level -1
ssential drivers[   37.723707] md: multipath personality registered for level -4
 ... [   37.789476] md: raid0 personality registered for level 0
[   37.860243] md: raid1 personality registered for level 1
[   38.003750] raid6: sse2x1   gen()  7251 MB/s
[   38.148246] raid6: sse2x1   xor()  5687 MB/s
[   38.320148] raid6: sse2x2   gen()  9171 MB/s
[   38.499758] raid6: sse2x2   xor()  3387 MB/s
[   38.608217] raid6: sse2x4   gen() 10888 MB/s
[   38.762364] raid6: sse2x4   xor()  8176 MB/s
[   38.820095] raid6: using algorithm sse2x4 gen() 10888 MB/s
[   38.834999] raid6: .... xor() 8176 MB/s, rmw enabled
[   38.926279] raid6: using ssse3x2 recovery algorithm
[   38.991875] xor: automatically using best checksumming function:
[   39.132249]    avx       : 15650.000 MB/sec
[   39.204397] async_tx: api initialized (async)
[   39.287528] md: raid6 personality registered for level 6
[   39.380314] md: raid5 personality registered for level 5
[   39.509321] md: raid4 personality registered for level 4
[   39.612864] md: raid10 personality registered for level 10
done.
Begin: Running /scripts/init-premount ... done.
Begin: Mounti[   39.713382] Btrfs loaded
ng root file system ... Begin: Running /scripts/local-top ... done.
Begin: Running /scripts/loc[   39.825955] EXT4-fs (sda1): mounted filesystem with ordered data mode. Opts: (null)
al-premount ... Scanning for Btrfs filesystems
done.
Warning: fsck not present, so skipping root file system
done.
Begin: Running /scripts/local-bottom ... done.
Begin: Running /scripts/init-bottom ... done.
[   40.249781] systemd[1]: systemd 229 running in system mode. (+PAM +AUDIT +SELINUX +IMA +APPARMOR +SMACK +SYSVINIT +UTMP +LIBCRYPTSETUP +GCRYPT +GNUTLS +ACL +XZ -LZ4 +SECCOMP +BLKID +ELFUTILS +KMOD -IDN)
[   40.545260] systemd[1]: Detected virtualization oracle.
[   40.653848] systemd[1]: Detected architecture x86-64.

Welcome to [1mUbuntu 16.04.4 LTS[0m!

[   40.752676] systemd[1]: Set hostname to <ubuntu>.
[   40.816059] systemd[1]: Initializing machine ID from random generator.
[   40.838838] systemd[1]: Installed transient /etc/machine-id file.
[   41.002150] random: nonblocking pool is initialized
[   41.232232] systemd[1]: Listening on Journal Socket.
[[0;32m  OK  [0m] Listening on Journal Socket.
[   41.368054] systemd[1]: Set up automount Arbitrary Executable File Formats File System Automount Point.
[[0;32m  OK  [0m] Set up automount Arbitrary Executab...ats File System Automount Point.
[   41.620664] systemd[1]: Listening on udev Control Socket.
[[0;32m  OK  [0m] Listening on udev Control Socket.
[   41.829728] systemd[1]: Listening on Syslog Socket.
[[0;32m  OK  [0m] Listening on Syslog Socket.
[   42.008701] systemd[1]: Reached target User and Group Name Lookups.
[[0;32m  OK  [0m] Reached target User and Group Name Lookups.
[   42.081321] systemd[1]: Created slice System Slice.
[[0;32m  OK  [0m] Created slice System Slice.
[   42.176420] systemd[1]: Mounting POSIX Message Queue File System...
         Mounting POSIX Message Queue File System...
[   42.268300] systemd[1]: Starting Load Kernel Modules...
[   42.316679] Loading iSCSI transport class v2.0-870.
         Starting Load Kernel Mo[   42.353673] iscsi: registered transport (tcp)
dules...
[   42.380199] systemd[1]: Listening on udev Kernel Socket.
[[0;32m  OK  [[   42.510754] iscsi: registered transport (iser)
0m] Listening on udev Kernel Socket.
[   42.576343] systemd[1]: Listening on LVM2 metadata daemon socket.
[[0;32m  OK  [0m] Listening on LVM2 metadata daemon socket.
[   42.712281] systemd[1]: Mounting Debug File System...
         Mounting Debug File System...
[   42.832293] systemd[1]: Started Forward Password Requests to Wall Directory Watch.
[[0;32m  OK  [0m] Started Forward Password Requests to Wall Directory Watch.
[   43.012335] systemd[1]: Starting Set console keymap...
         Starting Set console keymap...
[   43.136191] systemd[1]: Mounting Huge Pages File System...
         Mounting Huge Pages File System...
[   43.213221] systemd[1]: Listening on Journal Socket (/dev/log).
[[0;32m  OK  [0m] Listening on Journal Socket (/dev/log).
[   43.284285] systemd[1]: Listening on LVM2 poll daemon socket.
[[0;32m  OK  [0m] Listening on LVM2 poll daemon socket.
[   43.393260] systemd[1]: Reached target Swap.
[[0;32m  OK  [0m] Reached target Swap.
[   43.464133] systemd[1]: Created slice system-serial\x2dgetty.slice.
[[0;32m  OK  [0m] Created slice system-serial\x2dgetty.slice.
[   43.648368] systemd[1]: Starting Create list of required static device nodes for the current kernel...
         Starting Create list of required st... nodes for the current kernel...
[   43.787366] systemd[1]: Listening on /dev/initctl Compatibility Named Pipe.
[[0;32m  OK  [0m] Listening on /dev/initctl Compatibility Named Pipe.
[   43.972188] systemd[1]: Listening on Journal Audit Socket.
[[0;32m  OK  [0m] Listening on Journal Audit Socket.
[   44.136227] systemd[1]: Started Trigger resolvconf update for networkd DNS.
[[0;32m  OK  [0m] Started Trigger resolvconf update for networkd DNS.
[   44.304557] systemd[1]: Starting Uncomplicated firewall...
         Starting Uncomplicated firewall...
[   44.452422] systemd[1]: Created slice User and Session Slice.
[[0;32m  OK  [0m] Created slice User and Session Slice.
[   44.600214] systemd[1]: Starting Remount Root and Kernel File Systems...
[   44.606061] EXT4-fs (sda1): re-mounted. Opts: (null)
         Starting Remount Root and Kernel File Systems...
[   44.952816] systemd[1]: Reached target Encrypted Volumes.
[[0;32m  OK  [0m] Reached target Encrypted Volumes.
[   45.176365] systemd[1]: Starting Journal Service...
         Starting Journal Service...
[   45.336301] systemd[1]: Listening on Device-mapper event daemon FIFOs.
[[0;32m  OK  [0m] Listening on Device-mapper event daemon FIFOs.
[   45.564379] systemd[1]: Starting Monitoring of LVM2 mirrors, snapshots etc. using dmeventd or progress polling...
         Starting Monitoring of LVM2 mirrors... dmeventd or progress polling...
[   45.804392] systemd[1]: Reached target System Time Synchronized.
[[0;32m  OK  [0m] Reached target System Time Synchronized.
[   45.968339] systemd[1]: Starting Nameserver information manager...
         Starting Nameserver information manager...
[   46.116587] systemd[1]: Reached target Slices.
[[0;32m  OK  [0m] Reached target Slices.
[   46.226156] systemd[1]: Mounted Huge Pages File System.
[[0;32m  OK  [0m] Mounted Huge Pages File System.
[   46.356613] systemd[1]: Mounted Debug File System.
[[0;32m  OK  [0m] Mounted Debug File System.
[   46.556305] systemd[1]: Mounted POSIX Message Queue File System.
[[0;32m  OK  [0m] Mounted POSIX Message Queue File System.
[   46.764504] systemd[1]: Started Journal Service.
[[0;32m  OK  [0m] Started Journal Service.
[[0;32m  OK  [0m] Started Load Kernel Modules.
[[0;32m  OK  [0m] Started Set console keymap.
[[0;32m  OK  [0m] Started Create list of required sta...ce nodes for the current kernel.
[[0;32m  OK  [0m] Started Uncomplicated firewall.
[[0;32m  OK  [0m] Started Remount Root and Kernel File Systems.
[[0;32m  OK  [0m] Started Nameserver information manager.
[[0;32m  OK  [0m] Started LVM2 metadata daemon.
         Starting udev Coldplug all Devices...
         Starting Load/Save Random Seed...
         Starting Create Static Device Nodes in /dev...
         Starting Apply Kernel Variables...
         Mounting FUSE Control File System...
         Starting Flush Journal to Persistent Storage...
[[0;32m  OK  [0m] Mounted FUSE Control File System.
[[0;32m  OK  [0m] Started Monitoring of LVM2 mirrors,...ng dmeventd or progress polling.
[[0;32m  OK  [0m] Started Load/Save Random Seed.
[[0;32m  OK  [0m] Started Create Static Device Nodes in /dev.
[[0;32m  OK  [0m] Started Apply Kernel Variables.
[[0;32m  OK  [0m] Started udev Coldplug all Devices.
[[0;32m  OK  [0m] Started Flush Journal to Persistent Storage.
         Starting udev Kernel Device Manager...
[[0;32m  OK  [0m] Started udev Kernel Device Manager.
[[0;32m  OK  [0m] Reached target Local File Systems (Pre).
[[0;32m  OK  [0m] Reached target Local File Systems.
         Starting LSB: AppArmor initialization...
         Starting Set console font and keymap...
         Starting Tell Plymouth To Write Out Runtime Data...
         Starting Create Volatile Files and Directories...
         Starting Initial cloud-init job (pre-networking)...
         Starting Commit a transient machine-id on disk...
[[0;32m  OK  [0m] Started Dispatch Password Requests to Console Directory Watch.
[[0;32m  OK  [0m] Started Tell Plymouth To Write Out Runtime Data.
[[0;32m  OK  [0m] Started Set console font and keymap.
[[0;32m  OK  [0m] Started Create Volatile Files and Directories.
[   29.316268] cloud-init[638]: Cloud-init v. 18.2 running 'init-local' at Mon, 28 May 2018 08:58:58 +0000. Up 28.90 seconds.
[[0;32m  OK  [0m] Started Commit a transient machine-id on disk.
[[0;32m  OK  [0m] Started Initial cloud-init job (pre-networking).
[[0;32m  OK  [0m] Found device /dev/ttyS0.
[[0;32m  OK  [0m] Listening on Load/Save RF Kill Switch Status /dev/rfkill Watch.
[[0;32m  OK  [0m] Reached target Network (Pre).
         Starting Update UTMP about System Boot/Shutdown...
[[0;32m  OK  [0m] Created slice system-getty.slice.
[[0;32m  OK  [0m] Started Update UTMP about System Boot/Shutdown.
[[0;32m  OK  [0m] Started LSB: AppArmor initialization.
         Starting Raise network interfaces...
[[0;32m  OK  [0m] Started Raise network interfaces.
[[0;32m  OK  [0m] Reached target Network.
         Starting Initial cloud-init job (metadata service crawler)...
[   32.073175] cloud-init[968]: Cloud-init v. 18.2 running 'init' at Mon, 28 May 2018 08:59:00 +0000. Up 31.06 seconds.
[[   32.200554] cloud-init[968]: ci-info: ++++++++++++++++++++++++++++++++++++++Net device info++++++++++++++++++++++++++++++++++++++
[   32.201309] cloud-init[968]: ci-info: +--------+-------+----------------------------+---------------+-------+-------------------+
[   32.201552] cloud-init[968]: ci-info: | Device |   Up  |          Address           |      Mask     | Scope |     Hw-Address    |
[   32.201728] cloud-init[968]: ci-info: +--------+-------+----------------------------+---------------+-------+-------------------+
[   32.201901] cloud-init[968]: ci-info: | enp0s3 |  True |         10.0.2.15          | 255.255.255.0 |   .   | 02:f0:aa:2d:49:f4 |
[   32.202328] cloud-init[968]: ci-info: | enp0s3 |  True | fe80::f0:aaff:fe2d:49f4/64 |       .       |  link | 02:f0:aa:2d:49:f4 |
[   32.202834] cloud-init[968]: ci-info: | enp0s8 | False |             .              |       .       |   .   | 08:00:27:75:ec:76 |
[   32.203088] cloud-init[968]: ci-info: |   lo   |  True |         127.0.0.1          |   255.0.0.0   |   .   |         .         |
[   32.203271] cloud-init[968]: ci-info: |   lo   |  True |          ::1/128           |       .       |  host |         .         |
[   32.203457] cloud-init[968]: ci-info: +--------+-------+----------------------------+---------------+-------+-------------------+
[   32.203636] cloud-init[968]: ci-info: +++++++++++++++++++++++++++Route IPv4 info++++++++++++++++++++++++++++
[   32.203810] cloud-init[968]: ci-info: +-------+-------------+----------+---------------+-----------+-------+
[   32.203983] cloud-init[968]: ci-info: | Route | Destination | Gateway  |    Genmask    | Interface | Flags |
[0;32m  OK  [0m] Started Initial cloud-init job (metadata service crawler).
[[0;32m  OK  [0m] Reached target System Initialization.
[[0;32m  OK  [0m] Listening on UUID daemon activation socket.
[[0;32m  OK  [0m] Listening on D-Bus System Message Bus Socket.
[   32.204256] cloud-init[968]: ci-info: +-------+-------------+----------+---------------+-----------+-------+
[   34.001165] cloud-init[968]: ci-info: |   0   |   0.0.0.0   | 10.0.2.2 |    0.0.0.0    |   enp0s3  |   UG  |
         Starting LXD - unix socket.
[   34.120459] cloud-init[968]: ci-info: |   1   |   10.0.2.0  | 0.0.0.0  | 255.255.255.0 |   enp0s3  |   U   |
[   34.228867] cloud-init[968]: ci-info: +-------+-------------+----------+---------------+-----------+-------+
[   34.333012] cloud-init[968]: Generating public/private rsa key pair.
[[0;32m  OK  [0m] Started ACPI Events Check.
[[0;32m  OK  [0m] Reached target Paths.
[   34.409956] cloud-init[968]: Your identification has been saved in /etc/ssh/ssh_host_rsa_key.
[   34.612997] cloud-init[968]: Your public key has been saved in /etc/ssh/ssh_host_rsa_key.pub.
[   34.708937] cloud-init[968]: The key fingerprint is:
         [   34.776488] cloud-init[968]: SHA256:N9RnbRHAP9HbHoSKsLVtKE8xt13YG1CxD+yUfJon5W4 root@ubuntu-xenial
[   34.776585] cloud-init[968]: The key's randomart image is:
[   34.776666] cloud-init[968]: +---[RSA 2048]----+
[   34.776746] cloud-init[968]: |            .oB=+|
[   34.776825] cloud-init[968]: |       . + o * O+|
[   34.776906] cloud-init[968]: |        + X = %.@|
[   34.776991] cloud-init[968]: |       o * = * #o|
[   34.777071] cloud-init[968]: |        S +   =.*|
[   34.777149] cloud-init[968]: |         o .   +.|
[   34.777228] cloud-init[968]: |                E|
[   34.777362] cloud-init[968]: |               . |
[   34.777422] cloud-init[968]: |                 |
[   34.777481] cloud-init[968]: +----[SHA256]-----+
[   34.777539] cloud-init[968]: Generating public/private dsa key pair.
[   34.777598] cloud-init[968]: Your identification has been saved in /etc/ssh/ssh_host_dsa_key.
[   34.777658] cloud-init[968]: Your public key has been saved in /etc/ssh/ssh_host_dsa_key.pub.
[   34.777716] cloud-init[968]: The key fingerprint is:
[   34.777780] cloud-init[968]: SHA256:0QKmOiGIVlf97aUesovxvUD+LJtOcHzmvMgmakhXacA root@ubuntu-xenial
[   34.777839] cloud-init[968]: The key's randomart image is:
[   34.777897] cloud-init[968]: +---[DSA 1024]----+
[   34.777956] cloud-init[968]: |   . .=..        |
[   34.778015] cloud-init[968]: |o . .o E o       |
[   34.778074] cloud-init[968]: |+.. .   + + .    |
[   34.778133] cloud-init[968]: |.. o     *.. . . |
[   34.778191] cloud-init[968]: |  o     S. +.oo  |
[   34.778254] cloud-init[968]: |   . . .  =.=+   |
[   34.778313] cloud-init[968]: |    . o  . ++o.  |
[   34.778372] cloud-init[968]: |     . . .*+B..  |
[   34.778482] cloud-init[968]: |      ....+O+*.  |
[   34.778543] cloud-init[968]: +----[SHA256]-----+
[   34.778603] cloud-init[968]: Generating public/private ecdsa key pair.
[   34.778662] cloud-init[968]: Your identification has been saved in /etc/ssh/ssh_host_ecdsa_key.
[   34.778721] cloud-init[968]: Your public key has been saved in /etc/ssh/ssh_host_ecdsa_key.pub.
[   34.778780] cloud-init[968]: The key fingerprint is:
[   34.778839] cloud-init[968]: SHA256:x4vDjWMAz5JHyTDyWCdc+NEqy5pCgXRho52apaddJes root@ubuntu-xenial
[   34.778898] cloud-init[968]: The key's randomart image is:
[   34.778957] cloud-init[968]: +---[ECDSA 256]---+
[   34.779019] cloud-init[968]: |  .=*oo.         |
[   34.779079] cloud-init[968]: | .+*=*...        |
[   34.779139] cloud-init[968]: |o.o+oo++         |
[   34.779197] cloud-init[968]: |..= .**  .       |
[   34.779257] cloud-init[968]: | +.oo== S o      |
[   34.779315] cloud-init[968]: | .+ =o o = .     |
[   34.779374] cloud-init[968]: |.. + E  B o      |
[   34.779432] cloud-init[968]: |. o    . o       |
[   34.779492] cloud-init[968]: | .               |
[   34.779551] cloud-init[968]: +----[SHA256]-----+
[   34.779609] cloud-init[968]: Generating public/private ed25519 key pair.
[   34.779668] cloud-init[968]: Your identification has been saved in /etc/ssh/ssh_host_ed25519_key.
[   34.779731] cloud-init[968]: Your public key has been saved in /etc/ssh/ssh_host_ed25519_key.pub.
[   34.779791] cloud-init[968]: The key fingerprint is:
[   34.779850] cloud-init[968]: SHA256:dXZWMTuQAkBqM2q2CE5D2xVNZeX3HZlOPm7IPYVOq/s root@ubuntu-xenial
[   34.779909] cloud-init[968]: The key's randomart image is:
[   34.779966] cloud-init[968]: +--[ED25519 256]--+
[   34.780029] cloud-init[968]: |     .++o+o. ..oo|
[   34.780089] cloud-init[968]: |      o.. .. ...=|
[   34.780147] cloud-init[968]: | .   *    ..+.oB |
[   34.780207] cloud-init[968]: |. o + o  . o.o=.+|
[   34.780265] cloud-init[968]: |.+ =    S     o=o|
[   34.780326] cloud-init[968]: |+ = .       .o+.o|
[   34.780387] cloud-init[968]: | o .         oo= |
[   34.780447] cloud-init[968]: |             .. .|
Starting Socket activation for snappy daemon.
[[0;32m  OK  [0m] Started Daily Cleanup of Temporary Directories.
[[0;32m  OK  [0m] Listening on ACPID Listen Socket.
[   34.780822] cloud-init[968]: |            ooE  |
[   38.396963] cloud-init[968]: +----[SHA256]-----+
[[0;32m  OK  [0m] Started Daily apt download activities.
[[0;32m  OK  [0m] Started Daily apt upgrade and clean activities.
[[0;32m  OK  [0m] Reached target Timers.
[[0;32m  OK  [0m] Reached target Cloud-config availability.
[[0;32m  OK  [0m] Reached target Network is Online.
         Starting iSCSI initiator daemon (iscsid)...
[[0;32m  OK  [0m] Listening on LXD - unix socket.
[[0;32m  OK  [0m] Listening on Socket activation for snappy daemon.
[[0;32m  OK  [0m] Started iSCSI initiator daemon (iscsid).
         Starting Login to default iSCSI targets...
[[0;32m  OK  [0m] Reached target Sockets.
[[0;32m  OK  [0m] Reached target Basic System.
[[0;32m  OK  [0m] Started FUSE filesystem for LXC.
[[0;32m  OK  [0m] Started D-Bus System Message Bus.
         Starting Apply the settings specified in cloud-config...
[[0;32m  OK  [0m] Started ACPI event daemon.
         Starting Login Service...
         Starting Accounts Service...
[[0;32m  OK  [0m] Started Regular background program processing daemon.
[[0;32m  OK  [0m] Started Unattended Upgrades Shutdown.
         Starting LSB: MD monitoring daemon...
         Starting LXD - container startup/shutdown...
         Starting Snappy daemon...
         Starting /etc/rc.local Compatibility...
         Starting LSB: Record successful boot for GRUB...
         Starting System Logging Service...
         Starting Virtualbox guest utils...
[[0;32m  OK  [0m] Started Deferred execution scheduler.
         Starting Pollinate to seed the pseudo random number generator...
[[0;32m  OK  [0m] Started Snappy daemon.
[[0;32m  OK  [0m] Started System Logging Service.
[[0;32m  OK  [0m] Started LXD - container startup/shutdown.
[[0;32m  OK  [0m] Started /etc/rc.local Compatibility.
[[0;32m  OK  [0m] Started Login to default iSCSI targets.
[[0;32m  OK  [0m] Started LSB: MD monitoring daemon.
[[0;32m  OK  [0m] Started LSB: Record successful boot for GRUB.
[[0;32m  OK  [0m] Started Login Service.
[[0;32m  OK  [0m] Started Virtualbox guest utils.
         Starting Authenticate and Authorize Users to Run Privileged Tasks...
[[0;32m  OK  [0m] Reached target Remote File Systems (Pre).
[[0;32m  OK  [0m] Reached target Remote File Systems.
[   40.684096] cloud-init[1077]: Generating locales (this might take a while)...
         Starting Permit User Sessions...
         Starting LSB: Set the CPU Frequency Scaling governor to "ondemand"...
         Starting LSB: automatic crash report generation...
         Starting LSB: daemon to balance interrupts for SMP systems...
[[0;32m  OK  [0m] Started Permit User Sessions.
[[0;32m  OK  [0m] Started Authenticate and Authorize Users to Run Privileged Tasks.
[[0;32m  OK  [0m] Started Accounts Service.
[[0;32m  OK  [0m] Started LSB: Set the CPU Frequency Scaling governor to "ondemand".
         Starting Hold until boot process finishes up...
         Starting Terminate Plymouth Boot Screen...
[[0;32m  OK  [0m] Started LSB: daemon to balance interrupts for SMP systems.
[[0;32m  OK  [0m] Started LSB: automatic crash report generation.
[[0;32m  OK  [0m] Started Hold until boot process finishes up.
[[0;32m  OK  [0m] Started Terminate Plymouth Boot Screen.
[[0;32m  OK  [0m] Started Serial Getty on ttyS0.
[[0;32m  OK  [0m] Started Getty on tty1.
[[0;32m  OK  [0m] Reached target Login Prompts.
         Starting Set console scheme...
[[0;32m  OK  [0m] Started Set console scheme.
[   42.907458] cloud-init[1077]:   en_US.UTF-8... done
[   42.953604] cloud-init[1077]: Generation complete.
[[0;32m  OK  [0m] Started Pollinate to seed the pseudo random number generator.
         Starting OpenBSD Secure Shell server...
[[0;32m  OK  [0m] Started OpenBSD Secure Shell server.
[[0;32m  OK  [0m] Reached target Multi-User System.
[[0;32m  OK  [0m] Reached target Graphical Interface.
         Starting Update UTMP about System Runlevel Changes...
[[0;32m  OK  [0m] Started Update UTMP about System Runlevel Changes.
[   43.603783] cloud-init[1077]: Cloud-init v. 18.2 running 'modules:config' at Mon, 28 May 2018 08:59:09 +0000. Up 40.25 seconds.
[[0;32m  OK  [0m] Created slice User Slice of vagrant.
         Starting User Manager for UID 1000...
[[0;32m  OK  [0m] Started Apply the settings specified in cloud-config.
[[0;32m  OK  [0m] Started User Manager for UID 1000.
[[0;32m  OK  [0m] Started Session 1 of user vagrant.
         Starting Execute cloud user/final scripts...
ci-info: no authorized ssh keys fingerprints found for user ubuntu.
<14>May 28 08:59:14 ec2: 
<14>May 28 08:59:14 ec2: #############################################################
<14>May 28 08:59:14 ec2: -----BEGIN SSH HOST KEY FINGERPRINTS-----
<14>May 28 08:59:14 ec2: 1024 SHA256:0QKmOiGIVlf97aUesovxvUD+LJtOcHzmvMgmakhXacA root@ubuntu-xenial (DSA)
<14>May 28 08:59:14 ec2: 256 SHA256:x4vDjWMAz5JHyTDyWCdc+NEqy5pCgXRho52apaddJes root@ubuntu-xenial (ECDSA)
<14>May 28 08:59:14 ec2: 256 SHA256:dXZWMTuQAkBqM2q2CE5D2xVNZeX3HZlOPm7IPYVOq/s root@ubuntu-xenial (ED25519)
<14>May 28 08:59:14 ec2: 2048 SHA256:N9RnbRHAP9HbHoSKsLVtKE8xt13YG1CxD+yUfJon5W4 root@ubuntu-xenial (RSA)
<14>May 28 08:59:14 ec2: -----END SSH HOST KEY FINGERPRINTS-----
<14>May 28 08:59:14 ec2: #############################################################
-----BEGIN SSH HOST KEY KEYS-----
ecdsa-sha2-nistp256 AAAAE2VjZHNhLXNoYTItbmlzdHAyNTYAAAAIbmlzdHAyNTYAAABBBMOA4bbDlSSa/Mhzb20fdx9xHKldiGj6cCstJ//dbcnfbPop7AD58UosfuF/R5GEbQBj4L6fcrMcKgNjFf+374Q= root@ubuntu-xenial
ssh-ed25519 AAAAC3NzaC1lZDI1NTE5AAAAIDmJ66anm4Sk0KpJpcBGdpa/HYK1OfQkwWOvvX8tWLz5 root@ubuntu-xenial
ssh-rsa AAAAB3NzaC1yc2EAAAADAQABAAABAQDNq2w+FHTkiiwWpn5SIkbKV/evDMTR6+Z0EmMeD8Nta69aBxl+Dwh0MfOh5jNEb2Zq0BtPBm4a9xXPSYvoIL+pVZIHHAQnlIf5zfqF3SV7lW4+hSQ92rqKSbEMC3Q/jn3mzBdkVZptMP/1eeelG6L65PYAa42S8Iz3qoblbeehVrihm8T0UIGn88uIwcJG8W7kvcG3xvrvLXVeOK1flkf+4spg9owkJXMx9KxJsHLmK4SmqddtLx3+6PZewObF8kLNLP6Mop8GQdLbeJlRvU75cqkMtwbNkVR1BjYYQq2VFUmigjr4DwpUiYDLIWlwno5JIhxlOxXhwSsf0eZvQQ6N root@ubuntu-xenial
-----END SSH HOST KEY KEYS-----
[   46.142060] cloud-init[1343]: Cloud-init v. 18.2 running 'modules:final' at Mon, 28 May 2018 08:59:14 +0000. Up 44.48 seconds.
[   46.232876]          cloud-initStopping User Manager for UID 1000...[1343]: 
ci-info: no authorized ssh keys fingerprints found for user ubuntu.
[[0;32m  OK  [0m] Stopped User Manager for UID 1000.
[   46.259549] cloud-init[1343]: Cloud-init v. 18.2 finished at Mon, 28 May 2018 08:59:15 +0000. Datasource DataSourceNoCloud [seed=/dev/sdb][dsmode=net].  Up 46.08 seconds
[[0;32m  OK  [0m] Started Execute cloud user/final scripts.

Ubuntu 16.04.4 LTS fubuntuone ttyS0

fubuntuone login: 